<?xml version="1.0" encoding="UTF-8"?>
<testng-results skipped="0" failed="0" total="1" passed="1">
  <reporter-output>
  </reporter-output>
  <suite name="Command line suite" duration-ms="79" started-at="2015-05-20T00:36:31Z" finished-at="2015-05-20T00:36:31Z">
    <groups>
    </groups>
    <test name="Command line test" duration-ms="79" started-at="2015-05-20T00:36:31Z" finished-at="2015-05-20T00:36:31Z">
      <class name="za.ac.cput.AshDyani.AppTest">
        <test-method status="PASS" signature="testApp()[pri:0, instance:testApp(za.ac.cput.AshDyani.AppTest)]" name="testApp" duration-ms="2" started-at="2015-05-20T02:36:31Z" finished-at="2015-05-20T02:36:31Z">
          <reporter-output>
          </reporter-output>
        </test-method> <!-- testApp -->
      </class> <!-- za.ac.cput.AshDyani.AppTest -->
    </test> <!-- Command line test -->
  </suite> <!-- Command line suite -->
</testng-results>
