<?xml version="1.0" encoding="UTF-8"?>
<!-- Generated by org.testng.reporters.JUnitXMLReporter -->
<testsuite hostname="ashdyani-Aspire-5349" name="Command line test" tests="49" failures="0" timestamp="20 May 2015 00:36:30 GMT" time="20.297" errors="0">
  <testcase name="create" time="0.262" classname="za.ac.cput.AshDyani.services.BookingServiceTest"/>
  <testcase name="create" time="0.058" classname="za.ac.cput.AshDyani.services.CustomerServiceTest"/>
  <testcase name="create" time="0.145" classname="za.ac.cput.AshDyani.services.DoctorServiceTest"/>
  <testcase name="testCreate" time="0.094" classname="za.ac.cput.AshDyani.services.EmployeeServiceTest"/>
  <testcase name="testCreate" time="0.046" classname="za.ac.cput.AshDyani.services.InvoiceServiceTest"/>
  <testcase name="create" time="0.071" classname="za.ac.cput.AshDyani.services.MedicationServiceTest"/>
  <testcase name="testCreate" time="0.05" classname="za.ac.cput.AshDyani.services.PetServicesTest"/>
  <testcase name="create" time="0.071" classname="za.ac.cput.AshDyani.services.PrescriptionServiceTest"/>
  <testcase name="create" time="0.049" classname="za.ac.cput.AshDyani.services.ServicesServiceTest"/>
  <testcase name="testCreate" time="0.074" classname="za.ac.cput.AshDyani.repository.TestBookingRepository"/>
  <testcase name="testCreate" time="0.052" classname="za.ac.cput.AshDyani.repository.TestCustomerRepository"/>
  <testcase name="testCreate" time="0.4" classname="za.ac.cput.AshDyani.repository.TestDoctorRepository"/>
  <testcase name="testCreate" time="0.771" classname="za.ac.cput.AshDyani.repository.TestEmployeeRepository"/>
  <testcase name="testCreate" time="0.063" classname="za.ac.cput.AshDyani.repository.TestInvoiceRepository"/>
  <testcase name="testCreate" time="0.076" classname="za.ac.cput.AshDyani.repository.TestMedicationRepository"/>
  <testcase name="testCreate" time="0.06" classname="za.ac.cput.AshDyani.repository.TestPetRepository"/>
  <testcase name="testCreate" time="0.051" classname="za.ac.cput.AshDyani.repository.TestPrescriptionRepository"/>
  <testcase name="testCreate" time="0.073" classname="za.ac.cput.AshDyani.repository.TestPrescription_LineRepository"/>
  <testcase name="testCreate" time="0.072" classname="za.ac.cput.AshDyani.repository.TestServiceRepository"/>
  <testcase name="testRead" time="0.064" classname="za.ac.cput.AshDyani.repository.TestBookingRepository"/>
  <testcase name="testRead" time="0.052" classname="za.ac.cput.AshDyani.repository.TestCustomerRepository"/>
  <testcase name="testRead" time="0.008" classname="za.ac.cput.AshDyani.repository.TestDoctorRepository"/>
  <testcase name="testRead" time="0.029" classname="za.ac.cput.AshDyani.repository.TestEmployeeRepository"/>
  <testcase name="testRead" time="0.01" classname="za.ac.cput.AshDyani.repository.TestInvoiceRepository"/>
  <testcase name="testRead" time="0.039" classname="za.ac.cput.AshDyani.repository.TestMedicationRepository"/>
  <testcase name="testRead" time="0.012" classname="za.ac.cput.AshDyani.repository.TestPetRepository"/>
  <testcase name="testRead" time="0.019" classname="za.ac.cput.AshDyani.repository.TestPrescriptionRepository"/>
  <testcase name="testRead" time="0.016" classname="za.ac.cput.AshDyani.repository.TestPrescription_LineRepository"/>
  <testcase name="testRead" time="0.011" classname="za.ac.cput.AshDyani.repository.TestServiceRepository"/>
  <testcase name="testUpdate" time="0.02" classname="za.ac.cput.AshDyani.repository.TestBookingRepository"/>
  <testcase name="testUpdate" time="0.05" classname="za.ac.cput.AshDyani.repository.TestCustomerRepository"/>
  <testcase name="testUpdate" time="0.01" classname="za.ac.cput.AshDyani.repository.TestDoctorRepository"/>
  <testcase name="testUpdate" time="0.011" classname="za.ac.cput.AshDyani.repository.TestEmployeeRepository"/>
  <testcase name="testUpdate" time="0.009" classname="za.ac.cput.AshDyani.repository.TestInvoiceRepository"/>
  <testcase name="testUpdate" time="0.036" classname="za.ac.cput.AshDyani.repository.TestMedicationRepository"/>
  <testcase name="testUpdate" time="0.01" classname="za.ac.cput.AshDyani.repository.TestPetRepository"/>
  <testcase name="testUpdate" time="0.013" classname="za.ac.cput.AshDyani.repository.TestPrescriptionRepository"/>
  <testcase name="testUpdate" time="0.083" classname="za.ac.cput.AshDyani.repository.TestPrescription_LineRepository"/>
  <testcase name="testUpdate" time="0.019" classname="za.ac.cput.AshDyani.repository.TestServiceRepository"/>
  <testcase name="testDelete" time="0.147" classname="za.ac.cput.AshDyani.repository.TestBookingRepository"/>
  <testcase name="testDelete" time="0.097" classname="za.ac.cput.AshDyani.repository.TestCustomerRepository"/>
  <testcase name="testDelete" time="0.064" classname="za.ac.cput.AshDyani.repository.TestDoctorRepository"/>
  <testcase name="testDelete" time="0.087" classname="za.ac.cput.AshDyani.repository.TestEmployeeRepository"/>
  <testcase name="testDelete" time="0.088" classname="za.ac.cput.AshDyani.repository.TestInvoiceRepository"/>
  <testcase name="testDelete" time="0.054" classname="za.ac.cput.AshDyani.repository.TestMedicationRepository"/>
  <testcase name="testDelete" time="0.088" classname="za.ac.cput.AshDyani.repository.TestPetRepository"/>
  <testcase name="testDelete" time="0.055" classname="za.ac.cput.AshDyani.repository.TestPrescriptionRepository"/>
  <testcase name="testDelete" time="0.098" classname="za.ac.cput.AshDyani.repository.TestPrescription_LineRepository"/>
  <testcase name="testDelete" time="0.053" classname="za.ac.cput.AshDyani.repository.TestServiceRepository"/>
</testsuite> <!-- Command line test -->
