<?xml version="1.0" encoding="UTF-8" ?>
<testsuite tests="50" failures="0" name="TestSuite" time="22.713" errors="0" skipped="0">
  <properties>
[...]
</properties>
  <testcase classname="za.ac.cput.AshDyani.services.BookingServiceTest" name="create" time="0.261"/>
  <testcase classname="za.ac.cput.AshDyani.services.CustomerServiceTest" name="create" time="0.045"/>
  <testcase classname="za.ac.cput.AshDyani.services.DoctorServiceTest" name="create" time="0.146"/>
  <testcase classname="za.ac.cput.AshDyani.services.EmployeeServiceTest" name="testCreate" time="0.094"/>
  <testcase classname="za.ac.cput.AshDyani.services.InvoiceServiceTest" name="testCreate" time="0.046"/>
  <testcase classname="za.ac.cput.AshDyani.services.MedicationServiceTest" name="create" time="0.072"/>
  <testcase classname="za.ac.cput.AshDyani.services.PetServicesTest" name="testCreate" time="0.05"/>
  <testcase classname="za.ac.cput.AshDyani.services.PrescriptionServiceTest" name="create" time="0.07"/>
  <testcase classname="za.ac.cput.AshDyani.services.ServicesServiceTest" name="create" time="0.049"/>
  <testcase classname="za.ac.cput.AshDyani.repository.TestBookingRepository" name="testCreate" time="0.073"/>
  <testcase classname="za.ac.cput.AshDyani.repository.TestCustomerRepository" name="testCreate" time="0.052"/>
  <testcase classname="za.ac.cput.AshDyani.repository.TestDoctorRepository" name="testCreate" time="0.401"/>
  <testcase classname="za.ac.cput.AshDyani.repository.TestEmployeeRepository" name="testCreate" time="0.771"/>
  <testcase classname="za.ac.cput.AshDyani.repository.TestInvoiceRepository" name="testCreate" time="0.063"/>
  <testcase classname="za.ac.cput.AshDyani.repository.TestMedicationRepository" name="testCreate" time="0.076"/>
  <testcase classname="za.ac.cput.AshDyani.repository.TestPetRepository" name="testCreate" time="0.06"/>
  <testcase classname="za.ac.cput.AshDyani.repository.TestPrescriptionRepository" name="testCreate" time="0.051"/>
  <testcase classname="za.ac.cput.AshDyani.repository.TestPrescription_LineRepository" name="testCreate" time="0.072"/>
  <testcase classname="za.ac.cput.AshDyani.repository.TestServiceRepository" name="testCreate" time="0.072"/>
  <testcase classname="za.ac.cput.AshDyani.repository.TestBookingRepository" name="testRead" time="0.064"/>
  <testcase classname="za.ac.cput.AshDyani.repository.TestCustomerRepository" name="testRead" time="0.052"/>
  <testcase classname="za.ac.cput.AshDyani.repository.TestDoctorRepository" name="testRead" time="0.008"/>
  <testcase classname="za.ac.cput.AshDyani.repository.TestEmployeeRepository" name="testRead" time="0.029"/>
  <testcase classname="za.ac.cput.AshDyani.repository.TestInvoiceRepository" name="testRead" time="0.01"/>
  <testcase classname="za.ac.cput.AshDyani.repository.TestMedicationRepository" name="testRead" time="0.038"/>
  <testcase classname="za.ac.cput.AshDyani.repository.TestPetRepository" name="testRead" time="0.012"/>
  <testcase classname="za.ac.cput.AshDyani.repository.TestPrescriptionRepository" name="testRead" time="0.02"/>
  <testcase classname="za.ac.cput.AshDyani.repository.TestPrescription_LineRepository" name="testRead" time="0.017"/>
  <testcase classname="za.ac.cput.AshDyani.repository.TestServiceRepository" name="testRead" time="0.011"/>
  <testcase classname="za.ac.cput.AshDyani.repository.TestBookingRepository" name="testUpdate" time="0.023"/>
  <testcase classname="za.ac.cput.AshDyani.repository.TestCustomerRepository" name="testUpdate" time="0.049"/>
  <testcase classname="za.ac.cput.AshDyani.repository.TestDoctorRepository" name="testUpdate" time="0.014"/>
  <testcase classname="za.ac.cput.AshDyani.repository.TestEmployeeRepository" name="testUpdate" time="0.009"/>
  <testcase classname="za.ac.cput.AshDyani.repository.TestInvoiceRepository" name="testUpdate" time="0.009"/>
  <testcase classname="za.ac.cput.AshDyani.repository.TestMedicationRepository" name="testUpdate" time="0.041"/>
  <testcase classname="za.ac.cput.AshDyani.repository.TestPetRepository" name="testUpdate" time="0.007"/>
  <testcase classname="za.ac.cput.AshDyani.repository.TestPrescriptionRepository" name="testUpdate" time="0.013"/>
  <testcase classname="za.ac.cput.AshDyani.repository.TestPrescription_LineRepository" name="testUpdate" time="0.083"/>
  <testcase classname="za.ac.cput.AshDyani.repository.TestServiceRepository" name="testUpdate" time="0.02"/>
  <testcase classname="za.ac.cput.AshDyani.repository.TestBookingRepository" name="testDelete" time="0.149"/>
  <testcase classname="za.ac.cput.AshDyani.repository.TestCustomerRepository" name="testDelete" time="0.096"/>
  <testcase classname="za.ac.cput.AshDyani.repository.TestDoctorRepository" name="testDelete" time="0.064"/>
  <testcase classname="za.ac.cput.AshDyani.repository.TestEmployeeRepository" name="testDelete" time="0.09"/>
  <testcase classname="za.ac.cput.AshDyani.repository.TestInvoiceRepository" name="testDelete" time="0.088"/>
  <testcase classname="za.ac.cput.AshDyani.repository.TestMedicationRepository" name="testDelete" time="0.054"/>
  <testcase classname="za.ac.cput.AshDyani.repository.TestPetRepository" name="testDelete" time="0.089"/>
  <testcase classname="za.ac.cput.AshDyani.repository.TestPrescriptionRepository" name="testDelete" time="0.054"/>
  <testcase classname="za.ac.cput.AshDyani.repository.TestPrescription_LineRepository" name="testDelete" time="0.098"/>
  <testcase classname="za.ac.cput.AshDyani.repository.TestServiceRepository" name="testDelete" time="0.054"/>
  <testcase classname="za.ac.cput.AshDyani.AppTest" name="testApp on testApp" time="0.001"/>
</testsuite>